"D:/GameDev/UnrealCourse/BuildingEscape/Content/2x1_Door_and_Frame_Door.uasset" 0
"D:/GameDev/UnrealCourse/BuildingEscape/Content/2x1_Door_and_Frame_Frame.uasset" 1
"D:/GameDev/UnrealCourse/BuildingEscape/Content/Sounds/DoorSound.uasset" 2
"D:/GameDev/UnrealCourse/BuildingEscape/Content/DoorSound.uasset" 3
"D:/GameDev/UnrealCourse/BuildingEscape/Content/410826__univ-lyon3__covini-jessica-2017-2018-hauntedcastle.uasset" 4
"D:/GameDev/UnrealCourse/BuildingEscape/Content/Sounds/491210__moiram__jumpscare-sfx.uasset" 5
"D:/GameDev/UnrealCourse/BuildingEscape/Content/491210__moiram__jumpscare-sfx.uasset" 6
"D:/GameDev/UnrealCourse/BuildingEscape/Content/Sounds/528045__audio-dread__scary-horror-music.uasset" 7
"D:/GameDev/UnrealCourse/BuildingEscape/Content/Sounds/Background.uasset" 8
"D:/GameDev/UnrealCourse/BuildingEscape/Content/Background.uasset" 9
"D:/GameDev/UnrealCourse/BuildingEscape/Content/Materials/T_Wood_BC.uasset" 10
"D:/GameDev/UnrealCourse/BuildingEscape/Content/Materials/M_Wood.uasset" 11
"D:/GameDev/UnrealCourse/BuildingEscape/Content/Materials/MI_Ceiling.uasset" 12
"D:/GameDev/UnrealCourse/BuildingEscape/Content/MI_Ceiling.uasset" 13
"D:/GameDev/UnrealCourse/BuildingEscape/Content/Ceiling.uasset" 14
"D:/GameDev/UnrealCourse/BuildingEscape/Content/Materials/MI_Door.uasset" 15
"D:/GameDev/UnrealCourse/BuildingEscape/Content/MI_Door.uasset" 16
"D:/GameDev/UnrealCourse/BuildingEscape/Content/Door.uasset" 17
"D:/GameDev/UnrealCourse/BuildingEscape/Content/Materials/T_Tiles_BC.uasset" 18
"D:/GameDev/UnrealCourse/BuildingEscape/Content/Materials/M_Tiles.uasset" 19
"D:/GameDev/UnrealCourse/BuildingEscape/Content/Materials/MI_DoorFrame.uasset" 20
"D:/GameDev/UnrealCourse/BuildingEscape/Content/MI_DoorFrame.uasset" 21
"D:/GameDev/UnrealCourse/BuildingEscape/Content/DoorFrame.uasset" 22
"D:/GameDev/UnrealCourse/BuildingEscape/Content/Sounds/234288__leosalom__fireplace.uasset" 23
"D:/GameDev/UnrealCourse/BuildingEscape/Content/Sounds/Fire.uasset" 24
"D:/GameDev/UnrealCourse/BuildingEscape/Content/Fire.uasset" 25
"D:/GameDev/UnrealCourse/BuildingEscape/Content/Materials/MI_Floor.uasset" 26
"D:/GameDev/UnrealCourse/BuildingEscape/Content/MI_Floor.uasset" 27
"D:/GameDev/UnrealCourse/BuildingEscape/Content/Floor.uasset" 28
"D:/GameDev/UnrealCourse/BuildingEscape/Content/Materials/T_Bricks_BC.uasset" 29
"D:/GameDev/UnrealCourse/BuildingEscape/Content/Materials/M_Bricks.uasset" 30
"D:/GameDev/UnrealCourse/BuildingEscape/Content/Materials/MI_Walls.uasset" 31
"D:/GameDev/UnrealCourse/BuildingEscape/Content/MI_Walls.uasset" 32
"D:/GameDev/UnrealCourse/BuildingEscape/Content/Wall.uasset" 33
"D:/GameDev/UnrealCourse/BuildingEscape/Content/Materials/M_Brass_BC.uasset" 34
"../../../Engine/Content/Functions/Engine_MaterialFunctions02/Math/MultiplyAdd.uasset" 35
"D:/GameDev/UnrealCourse/BuildingEscape/Content/MedievalDungeon/Textures/T_Candles_A.uasset" 36
"D:/GameDev/UnrealCourse/BuildingEscape/Content/MedievalDungeon/Textures/T_Candles_C.uasset" 37
"D:/GameDev/UnrealCourse/BuildingEscape/Content/MedievalDungeon/Textures/T_Candles_N.uasset" 38
"D:/GameDev/UnrealCourse/BuildingEscape/Content/MedievalDungeon/Materials/M_Candles_Master.uasset" 39
"D:/GameDev/UnrealCourse/BuildingEscape/Content/MedievalDungeon/Materials/M_Candles_Inst.uasset" 40
"D:/GameDev/UnrealCourse/BuildingEscape/Content/MedievalDungeon/Meshes/Props/SM_Candle.uasset" 41
"D:/GameDev/UnrealCourse/BuildingEscape/Content/MedievalDungeon/Particles/Textures/T_CandleFlame.uasset" 42
"D:/GameDev/UnrealCourse/BuildingEscape/Content/MedievalDungeon/Particles/Materials/M_CandleFlame.uasset" 43
"D:/GameDev/UnrealCourse/BuildingEscape/Content/MedievalDungeon/Particles/PS_CandleFlame.uasset" 44
"D:/GameDev/UnrealCourse/BuildingEscape/Content/MedievalDungeon/Blueprints/BP_Candle.uasset" 45
"../../../Engine/Content/Functions/Engine_MaterialFunctions01/Gradient/LinearGradient.uasset" 46
"../../../Engine/Content/Functions/Engine_MaterialFunctions01/ImageAdjustment/CheapContrast.uasset" 47
"../../../Engine/Content/Functions/Engine_MaterialFunctions02/Texturing/ScreenAlignedPixelToPixelUVs.uasset" 48
"../../../Engine/Content/EngineMaterials/Good64x64TilingNoiseHighFreq.uasset" 49
"../../../Engine/Content/Functions/Engine_MaterialFunctions02/Utility/DitherTemporalAA.uasset" 50
"D:/GameDev/UnrealCourse/BuildingEscape/Content/MedievalDungeon/Textures/T_Blank_A.uasset" 51
"D:/GameDev/UnrealCourse/BuildingEscape/Content/MedievalDungeon/Textures/T_Blank_C.uasset" 52
"D:/GameDev/UnrealCourse/BuildingEscape/Content/MedievalDungeon/Textures/T_Blank_N.uasset" 53
"D:/GameDev/UnrealCourse/BuildingEscape/Content/MedievalDungeon/Materials/M_Master.uasset" 54
"D:/GameDev/UnrealCourse/BuildingEscape/Content/MedievalDungeon/Textures/T_CandleHolder_Bronze_A.uasset" 55
"D:/GameDev/UnrealCourse/BuildingEscape/Content/MedievalDungeon/Textures/T_CandleHolder_Bronze_C.uasset" 56
"D:/GameDev/UnrealCourse/BuildingEscape/Content/MedievalDungeon/Textures/T_CandleHolder_Bronze_N.uasset" 57
"D:/GameDev/UnrealCourse/BuildingEscape/Content/MedievalDungeon/Materials/M_CandleHolder_Bronze_Inst.uasset" 58
"D:/GameDev/UnrealCourse/BuildingEscape/Content/MedievalDungeon/Meshes/Props/SM_Candle_Used_B.uasset" 59
"D:/GameDev/UnrealCourse/BuildingEscape/Content/MedievalDungeon/Meshes/Props/SM_CandleHolder_Bronze.uasset" 60
"D:/GameDev/UnrealCourse/BuildingEscape/Content/MedievalDungeon/Blueprints/BP_CandleHolder_Bronze.uasset" 61
"D:/GameDev/UnrealCourse/BuildingEscape/Content/MedievalDungeon/Textures/T_CandleHolder_Iron_A.uasset" 62
"D:/GameDev/UnrealCourse/BuildingEscape/Content/MedievalDungeon/Textures/T_CandleHolder_Iron_C.uasset" 63
"D:/GameDev/UnrealCourse/BuildingEscape/Content/MedievalDungeon/Textures/T_CandleHolder_Iron_N.uasset" 64
"D:/GameDev/UnrealCourse/BuildingEscape/Content/MedievalDungeon/Materials/M_CandleHolder_Iron_Inst.uasset" 65
"D:/GameDev/UnrealCourse/BuildingEscape/Content/MedievalDungeon/Meshes/Props/SM_CandleHolder_Iron.uasset" 66
"D:/GameDev/UnrealCourse/BuildingEscape/Content/MedievalDungeon/Blueprints/BP_CandleHolder_Iron.uasset" 67
"D:/GameDev/UnrealCourse/BuildingEscape/Content/MedievalDungeon/Textures/T_CandleStick_Bronze_A.uasset" 68
"D:/GameDev/UnrealCourse/BuildingEscape/Content/MedievalDungeon/Textures/T_CandleStick_Bronze_C.uasset" 69
"D:/GameDev/UnrealCourse/BuildingEscape/Content/MedievalDungeon/Textures/T_CandleStick_Bronze_N.uasset" 70
"D:/GameDev/UnrealCourse/BuildingEscape/Content/MedievalDungeon/Materials/M_CandleStick_Bronze_Inst.uasset" 71
"D:/GameDev/UnrealCourse/BuildingEscape/Content/MedievalDungeon/Textures/T_CandleStick_Iron_A.uasset" 72
"D:/GameDev/UnrealCourse/BuildingEscape/Content/MedievalDungeon/Textures/T_CandleStick_Iron_C.uasset" 73
"D:/GameDev/UnrealCourse/BuildingEscape/Content/MedievalDungeon/Textures/T_CandleStick_Iron_N.uasset" 74
"D:/GameDev/UnrealCourse/BuildingEscape/Content/MedievalDungeon/Materials/M_CandleStick_Iron_Inst.uasset" 75
"D:/GameDev/UnrealCourse/BuildingEscape/Content/MedievalDungeon/Meshes/Props/SM_CandleStick_Iron.uasset" 76
"D:/GameDev/UnrealCourse/BuildingEscape/Content/MedievalDungeon/Blueprints/BP_CandleStick_Bronze.uasset" 77
"D:/GameDev/UnrealCourse/BuildingEscape/Content/MedievalDungeon/Blueprints/BP_CandleStick_Iron.uasset" 78
"D:/GameDev/UnrealCourse/BuildingEscape/Content/MedievalDungeon/Textures/T_Candle_Holder_A.uasset" 79
"D:/GameDev/UnrealCourse/BuildingEscape/Content/MedievalDungeon/Textures/T_Candle_Holder_C.uasset" 80
"D:/GameDev/UnrealCourse/BuildingEscape/Content/MedievalDungeon/Textures/T_Candle_Holder_N.uasset" 81
"D:/GameDev/UnrealCourse/BuildingEscape/Content/MedievalDungeon/Materials/M_Candle_Holder_Inst.uasset" 82
"D:/GameDev/UnrealCourse/BuildingEscape/Content/MedievalDungeon/Meshes/Props/SM_Candle_Holder.uasset" 83
"D:/GameDev/UnrealCourse/BuildingEscape/Content/MedievalDungeon/Meshes/Props/SM_Candle_Used_A.uasset" 84
"D:/GameDev/UnrealCourse/BuildingEscape/Content/MedievalDungeon/Meshes/Props/SM_Candle_Used_C.uasset" 85
"D:/GameDev/UnrealCourse/BuildingEscape/Content/MedievalDungeon/Blueprints/BP_Candle_Holder.uasset" 86
"D:/GameDev/UnrealCourse/BuildingEscape/Content/MedievalDungeon/Blueprints/BP_Candle_Used_A.uasset" 87
"D:/GameDev/UnrealCourse/BuildingEscape/Content/MedievalDungeon/Blueprints/BP_Candle_Used_B.uasset" 88
"D:/GameDev/UnrealCourse/BuildingEscape/Content/MedievalDungeon/Blueprints/BP_Candle_Used_C.uasset" 89
"D:/GameDev/UnrealCourse/BuildingEscape/Content/MedievalDungeon/Textures/T_Cell_Door_Front_A.uasset" 90
"D:/GameDev/UnrealCourse/BuildingEscape/Content/MedievalDungeon/Textures/T_Cell_Door_Front_C.uasset" 91
"D:/GameDev/UnrealCourse/BuildingEscape/Content/MedievalDungeon/Textures/T_Cell_Door_Front_N.uasset" 92
"D:/GameDev/UnrealCourse/BuildingEscape/Content/MedievalDungeon/Materials/M_Cell_Door_Front_Inst.uasset" 93
"D:/GameDev/UnrealCourse/BuildingEscape/Content/MedievalDungeon/Meshes/Architecture/Dungeon/SM_Cell_Door.uasset" 94
"D:/GameDev/UnrealCourse/BuildingEscape/Content/MedievalDungeon/Meshes/Architecture/Dungeon/SM_Cell_Front.uasset" 95
"D:/GameDev/UnrealCourse/BuildingEscape/Content/MedievalDungeon/Blueprints/BP_Cell_Door.uasset" 96
"D:/GameDev/UnrealCourse/BuildingEscape/Content/MedievalDungeon/Materials/M_Flicker_Light_Function.uasset" 97
"D:/GameDev/UnrealCourse/BuildingEscape/Content/MedievalDungeon/Textures/T_Chandelier_A.uasset" 98
"D:/GameDev/UnrealCourse/BuildingEscape/Content/MedievalDungeon/Textures/T_Chandelier_C.uasset" 99
"D:/GameDev/UnrealCourse/BuildingEscape/Content/MedievalDungeon/Textures/T_Chandelier_N.uasset" 100
"D:/GameDev/UnrealCourse/BuildingEscape/Content/MedievalDungeon/Materials/M_Chandlier_Inst.uasset" 101
"D:/GameDev/UnrealCourse/BuildingEscape/Content/MedievalDungeon/Meshes/Props/SM_Chandelier.uasset" 102
"D:/GameDev/UnrealCourse/BuildingEscape/Content/MedievalDungeon/Blueprints/BP_Chandalier.uasset" 103
"D:/GameDev/UnrealCourse/BuildingEscape/Content/MedievalDungeon/Textures/T_DoorHardware_Albedo.uasset" 104
"D:/GameDev/UnrealCourse/BuildingEscape/Content/MedievalDungeon/Textures/T_DoorHardware_C.uasset" 105
"D:/GameDev/UnrealCourse/BuildingEscape/Content/MedievalDungeon/Textures/T_DoorHardware_N.uasset" 106
"D:/GameDev/UnrealCourse/BuildingEscape/Content/MedievalDungeon/Materials/M_Door_Hardware_Inst.uasset" 107
"D:/GameDev/UnrealCourse/BuildingEscape/Content/MedievalDungeon/Textures/T_DoorWay_Large_Door_Right_Albedo.uasset" 108
"D:/GameDev/UnrealCourse/BuildingEscape/Content/MedievalDungeon/Textures/T_DoorWay_Large_Door_Right_Normal.uasset" 109
"D:/GameDev/UnrealCourse/BuildingEscape/Content/MedievalDungeon/Textures/T_DoorWay_Large_DoorRight_Compact.uasset" 110
"D:/GameDev/UnrealCourse/BuildingEscape/Content/MedievalDungeon/Materials/M_Doorway_Large_Right_Door_Inst.uasset" 111
"D:/GameDev/UnrealCourse/BuildingEscape/Content/MedievalDungeon/Textures/T_Large_Window_Half_A.uasset" 112
"D:/GameDev/UnrealCourse/BuildingEscape/Content/MedievalDungeon/Textures/T_Large_Window_Half_C.uasset" 113
"D:/GameDev/UnrealCourse/BuildingEscape/Content/MedievalDungeon/Textures/T_Large_Window_Half_N.uasset" 114
"D:/GameDev/UnrealCourse/BuildingEscape/Content/MedievalDungeon/Materials/M_Large_Window_Half_Inst.uasset" 115
"../../../Engine/Content/Functions/Engine_MaterialFunctions02/SafeNormalize.uasset" 116
"../../../Engine/Content/Functions/Engine_MaterialFunctions02/Math/CreateThirdOrthogonalVector.uasset" 117
"../../../Engine/Content/Functions/Engine_MaterialFunctions02/Math/InverseTransformMatrix.uasset" 118
"../../../Engine/Content/Functions/Engine_MaterialFunctions02/Math/TransformToZVector.uasset" 119
"../../../Engine/Content/Functions/Engine_MaterialFunctions02/Utility/CameraDirectionVector.uasset" 120
"../../../Engine/Content/Functions/Engine_MaterialFunctions02/Utility/VectorLength.uasset" 121
"../../../Engine/Content/EngineVolumetrics/Fogsheet/Materials/T_EV_BlankWhite_01.uasset" 122
"../../../Engine/Content/Functions/Engine_MaterialFunctions01/Texturing/ParallaxOcclusionMapping.uasset" 123
"D:/GameDev/UnrealCourse/BuildingEscape/Content/MedievalDungeon/Materials/M_Tiling_Master.uasset" 124
"D:/GameDev/UnrealCourse/BuildingEscape/Content/MedievalDungeon/Textures/T_StoneWall_A.uasset" 125
"D:/GameDev/UnrealCourse/BuildingEscape/Content/MedievalDungeon/Textures/T_StoneWall_C.uasset" 126
"D:/GameDev/UnrealCourse/BuildingEscape/Content/MedievalDungeon/Textures/T_StoneWall_H.uasset" 127
"D:/GameDev/UnrealCourse/BuildingEscape/Content/MedievalDungeon/Textures/T_StoneWall_N.uasset" 128
"D:/GameDev/UnrealCourse/BuildingEscape/Content/MedievalDungeon/Materials/M_StoneWall_Inst.uasset" 129
"D:/GameDev/UnrealCourse/BuildingEscape/Content/MedievalDungeon/Meshes/Architecture/Crypt/SM_Crypt_Doorway.uasset" 130
"D:/GameDev/UnrealCourse/BuildingEscape/Content/MedievalDungeon/Textures/T_DoorWay_Large_Door_Left_Albedo.uasset" 131
"D:/GameDev/UnrealCourse/BuildingEscape/Content/MedievalDungeon/Textures/T_DoorWay_Large_Door_Left_Compact.uasset" 132
"D:/GameDev/UnrealCourse/BuildingEscape/Content/MedievalDungeon/Textures/T_DoorWay_Large_Door_Left_Normal.uasset" 133
"D:/GameDev/UnrealCourse/BuildingEscape/Content/MedievalDungeon/Materials/M_Doorway_Large_Left_Door_Inst.uasset" 134
"D:/GameDev/UnrealCourse/BuildingEscape/Content/MedievalDungeon/Textures/T_Metal_A.uasset" 135
"D:/GameDev/UnrealCourse/BuildingEscape/Content/MedievalDungeon/Textures/T_Metal_C.uasset" 136
"D:/GameDev/UnrealCourse/BuildingEscape/Content/MedievalDungeon/Textures/T_Metal_N.uasset" 137
"D:/GameDev/UnrealCourse/BuildingEscape/Content/MedievalDungeon/Materials/M_Metal_Decor_Inst.uasset" 138
"D:/GameDev/UnrealCourse/BuildingEscape/Content/MedievalDungeon/Meshes/Architecture/Dungeon/SM_DoorWay_Large_Door_Left.uasset" 139
"D:/GameDev/UnrealCourse/BuildingEscape/Content/MedievalDungeon/Meshes/Architecture/Dungeon/SM_DoorWay_Large_Door_Right.uasset" 140
"D:/GameDev/UnrealCourse/BuildingEscape/Content/MedievalDungeon/Blueprints/BP_Crypt_Doorway.uasset" 141
"D:/GameDev/UnrealCourse/BuildingEscape/Content/MedievalDungeon/Meshes/Architecture/Dungeon/SM_DoorWay.uasset" 142
"D:/GameDev/UnrealCourse/BuildingEscape/Content/MedievalDungeon/Blueprints/BP_Dungeon_Doorway.uasset" 143
"D:/GameDev/UnrealCourse/BuildingEscape/Content/MedievalDungeon/Textures/T_Gibbet_Cage_Mount_Texturing_A.uasset" 144
"D:/GameDev/UnrealCourse/BuildingEscape/Content/MedievalDungeon/Textures/T_Gibbet_Cage_Mount_Texturing_C.uasset" 145
"D:/GameDev/UnrealCourse/BuildingEscape/Content/MedievalDungeon/Textures/T_Gibbet_Cage_Mount_Texturing_N.uasset" 146
"D:/GameDev/UnrealCourse/BuildingEscape/Content/MedievalDungeon/Materials/M_Gibbet_Cage_Inst.uasset" 147
"D:/GameDev/UnrealCourse/BuildingEscape/Content/MedievalDungeon/Meshes/Props/SM_Gibbet_Cage.uasset" 148
"D:/GameDev/UnrealCourse/BuildingEscape/Content/MedievalDungeon/Meshes/Props/SM_Gibbet_Cage_Wall_Mount.uasset" 149
"D:/GameDev/UnrealCourse/BuildingEscape/Content/MedievalDungeon/Blueprints/BP_Hanging_Gibbet_Cage.uasset" 150
"D:/GameDev/UnrealCourse/BuildingEscape/Content/MedievalDungeon/Materials/M_Torch_Flicker_Light_Function.uasset" 151
"D:/GameDev/UnrealCourse/BuildingEscape/Content/MedievalDungeon/Textures/T_Half_Arch_A.uasset" 152
"D:/GameDev/UnrealCourse/BuildingEscape/Content/MedievalDungeon/Textures/T_Half_Arch_C.uasset" 153
"D:/GameDev/UnrealCourse/BuildingEscape/Content/MedievalDungeon/Textures/T_Half_Arch_N.uasset" 154
"D:/GameDev/UnrealCourse/BuildingEscape/Content/MedievalDungeon/Materials/M_Half_Arch_Inst.uasset" 155
"D:/GameDev/UnrealCourse/BuildingEscape/Content/MedievalDungeon/Textures/T_Torch_A.uasset" 156
"D:/GameDev/UnrealCourse/BuildingEscape/Content/MedievalDungeon/Textures/T_Torch_C.uasset" 157
"D:/GameDev/UnrealCourse/BuildingEscape/Content/MedievalDungeon/Textures/T_Torch_N.uasset" 158
"D:/GameDev/UnrealCourse/BuildingEscape/Content/MedievalDungeon/Materials/M_Torch_Inst.uasset" 159
"D:/GameDev/UnrealCourse/BuildingEscape/Content/MedievalDungeon/Meshes/Props/SM_Torch.uasset" 160
"D:/GameDev/UnrealCourse/BuildingEscape/Content/MedievalDungeon/Particles/Textures/T_Fire_SubUV.uasset" 161
"D:/GameDev/UnrealCourse/BuildingEscape/Content/MedievalDungeon/Particles/Textures/T_Fire_Tiled_D.uasset" 162
"D:/GameDev/UnrealCourse/BuildingEscape/Content/MedievalDungeon/Particles/Materials/M_Fire_SubUV.uasset" 163
"D:/GameDev/UnrealCourse/BuildingEscape/Content/MedievalDungeon/Textures/T_Water_N.uasset" 164
"D:/GameDev/UnrealCourse/BuildingEscape/Content/MedievalDungeon/Particles/Materials/M_Heat_Distortion.uasset" 165
"../../../Engine/Content/Functions/Engine_MaterialFunctions01/Gradient/RadialGradient.uasset" 166
"D:/GameDev/UnrealCourse/BuildingEscape/Content/MedievalDungeon/Particles/Materials/M_Radial_Gradient.uasset" 167
"D:/GameDev/UnrealCourse/BuildingEscape/Content/MedievalDungeon/Particles/Textures/T_Smoke_SubUV.uasset" 168
"D:/GameDev/UnrealCourse/BuildingEscape/Content/MedievalDungeon/Particles/Textures/T_Smoke_Tiled_D.uasset" 169
"D:/GameDev/UnrealCourse/BuildingEscape/Content/MedievalDungeon/Particles/Materials/M_smoke_subUV.uasset" 170
"D:/GameDev/UnrealCourse/BuildingEscape/Content/MedievalDungeon/Particles/P_Torch_Fire.uasset" 171
"D:/GameDev/UnrealCourse/BuildingEscape/Content/MedievalDungeon/Blueprints/BP_Torch.uasset" 172
"D:/GameDev/UnrealCourse/BuildingEscape/Content/MedievalDungeon/Meshes/Architecture/Crypt/SM_Crypt_Ceiling.uasset" 173
"D:/GameDev/UnrealCourse/BuildingEscape/Content/MedievalDungeon/Meshes/Architecture/Crypt/SM_Crypt_Ceiling_Flat.uasset" 174
"D:/GameDev/UnrealCourse/BuildingEscape/Content/MedievalDungeon/Meshes/Architecture/Crypt/SM_Crypt_Ceiling_Half.uasset" 175
"D:/GameDev/UnrealCourse/BuildingEscape/Content/MedievalDungeon/Meshes/Architecture/Crypt/SM_Crypt_Ceiling_Half_B.uasset" 176
"D:/GameDev/UnrealCourse/BuildingEscape/Content/MedievalDungeon/Textures/T_BrickFloor_Clean_A.uasset" 177
"D:/GameDev/UnrealCourse/BuildingEscape/Content/MedievalDungeon/Textures/T_BrickFloor_Clean_C.uasset" 178
"D:/GameDev/UnrealCourse/BuildingEscape/Content/MedievalDungeon/Textures/T_BrickFloor_Clean_H.uasset" 179
"D:/GameDev/UnrealCourse/BuildingEscape/Content/MedievalDungeon/Textures/T_BrickFloor_Clean_N.uasset" 180
"D:/GameDev/UnrealCourse/BuildingEscape/Content/MedievalDungeon/Materials/M_BrickFloor_Clean_Inst.uasset" 181
"D:/GameDev/UnrealCourse/BuildingEscape/Content/MedievalDungeon/Meshes/Architecture/Crypt/SM_Crypt_Floor.uasset" 182
"D:/GameDev/UnrealCourse/BuildingEscape/Content/MedievalDungeon/Meshes/Architecture/Crypt/SM_Crypt_Floor_Concave.uasset" 183
"D:/GameDev/UnrealCourse/BuildingEscape/Content/MedievalDungeon/Meshes/Architecture/Crypt/SM_Crypt_Floor_Concave_End_A.uasset" 184
"D:/GameDev/UnrealCourse/BuildingEscape/Content/MedievalDungeon/Meshes/Architecture/Crypt/SM_Crypt_Floor_Concave_End_B.uasset" 185
"D:/GameDev/UnrealCourse/BuildingEscape/Content/MedievalDungeon/Textures/T_Edge_Stones_And_Straight_Column_Texturing_Albedo.uasset" 186
"D:/GameDev/UnrealCourse/BuildingEscape/Content/MedievalDungeon/Textures/T_Edge_Stones_And_Straight_Column_Texturing_Compact.uasset" 187
"D:/GameDev/UnrealCourse/BuildingEscape/Content/MedievalDungeon/Textures/T_Edge_Stones_And_Straight_Column_Texturing_Normal.uasset" 188
"D:/GameDev/UnrealCourse/BuildingEscape/Content/MedievalDungeon/Materials/M_Edge_Stones_Inst.uasset" 189
"D:/GameDev/UnrealCourse/BuildingEscape/Content/MedievalDungeon/Textures/T_Pillar_A.uasset" 190
"D:/GameDev/UnrealCourse/BuildingEscape/Content/MedievalDungeon/Textures/T_Pillar_C.uasset" 191
"D:/GameDev/UnrealCourse/BuildingEscape/Content/MedievalDungeon/Textures/T_Pillar_N.uasset" 192
"D:/GameDev/UnrealCourse/BuildingEscape/Content/MedievalDungeon/Materials/M_Pillar_Inst.uasset" 193
"D:/GameDev/UnrealCourse/BuildingEscape/Content/MedievalDungeon/Meshes/Architecture/Crypt/SM_Crypt_Pillar.uasset" 194
"D:/GameDev/UnrealCourse/BuildingEscape/Content/MedievalDungeon/Meshes/Architecture/Crypt/SM_Crypt_Wall.uasset" 195
"D:/GameDev/UnrealCourse/BuildingEscape/Content/MedievalDungeon/Textures/T_Dungeon_Wall_Decorative_A_A.uasset" 196
"D:/GameDev/UnrealCourse/BuildingEscape/Content/MedievalDungeon/Textures/T_Dungeon_Wall_Decorative_A_C.uasset" 197
"D:/GameDev/UnrealCourse/BuildingEscape/Content/MedievalDungeon/Textures/T_Dungeon_Wall_Decorative_A_N.uasset" 198
"D:/GameDev/UnrealCourse/BuildingEscape/Content/MedievalDungeon/Materials/M_Crypt_Wall_Decorative_A_Inst.uasset" 199
"D:/GameDev/UnrealCourse/BuildingEscape/Content/MedievalDungeon/Meshes/Architecture/Crypt/SM_Crypt_Wall_Decorative_A.uasset" 200
"D:/GameDev/UnrealCourse/BuildingEscape/Content/MedievalDungeon/Textures/T_Crypt_Wall_Decorative_B_Albedo.uasset" 201
"D:/GameDev/UnrealCourse/BuildingEscape/Content/MedievalDungeon/Textures/T_Crypt_Wall_Decorative_B_Compact.uasset" 202
"D:/GameDev/UnrealCourse/BuildingEscape/Content/MedievalDungeon/Textures/T_Crypt_Wall_Decorative_B_Normal.uasset" 203
"D:/GameDev/UnrealCourse/BuildingEscape/Content/MedievalDungeon/Materials/M_Crypt_Wall_Decorative_B_Inst.uasset" 204
"D:/GameDev/UnrealCourse/BuildingEscape/Content/MedievalDungeon/Meshes/Architecture/Crypt/SM_Crypt_Wall_Decorative_B.uasset" 205
"D:/GameDev/UnrealCourse/BuildingEscape/Content/MedievalDungeon/Textures/T_Crypt_Wall_Decorative_C_Albedo.uasset" 206
"D:/GameDev/UnrealCourse/BuildingEscape/Content/MedievalDungeon/Textures/T_Crypt_Wall_Decorative_C_Compact.uasset" 207
"D:/GameDev/UnrealCourse/BuildingEscape/Content/MedievalDungeon/Textures/T_Crypt_Wall_Decorative_C_Normal.uasset" 208
"D:/GameDev/UnrealCourse/BuildingEscape/Content/MedievalDungeon/Materials/M_Crypt_Wall_Decorative_C_Inst.uasset" 209
"D:/GameDev/UnrealCourse/BuildingEscape/Content/MedievalDungeon/Meshes/Architecture/Crypt/SM_Crypt_Wall_Decorative_C.uasset" 210
"D:/GameDev/UnrealCourse/BuildingEscape/Content/MedievalDungeon/Textures/T_Crypt_Wall_Decorative_D_A.uasset" 211
"D:/GameDev/UnrealCourse/BuildingEscape/Content/MedievalDungeon/Textures/T_Crypt_Wall_Decorative_D_C.uasset" 212
"D:/GameDev/UnrealCourse/BuildingEscape/Content/MedievalDungeon/Textures/T_Crypt_Wall_Decorative_D_N.uasset" 213
"D:/GameDev/UnrealCourse/BuildingEscape/Content/MedievalDungeon/Materials/M_Crypt_Wall_Decorative_D_Inst.uasset" 214
"D:/GameDev/UnrealCourse/BuildingEscape/Content/MedievalDungeon/Meshes/Architecture/Crypt/SM_Crypt_Wall_Decorative_D.uasset" 215
"D:/GameDev/UnrealCourse/BuildingEscape/Content/MedievalDungeon/Meshes/Architecture/Crypt/SM_Crypt_Wall_Floor_Trim.uasset" 216
"D:/GameDev/UnrealCourse/BuildingEscape/Content/MedievalDungeon/Meshes/Architecture/Crypt/SM_Crypt_Wall_Half.uasset" 217
"D:/GameDev/UnrealCourse/BuildingEscape/Content/MedievalDungeon/Textures/T_Tiling_Plaster_A.uasset" 218
"D:/GameDev/UnrealCourse/BuildingEscape/Content/MedievalDungeon/Textures/T_Tiling_Plaster_C.uasset" 219
"D:/GameDev/UnrealCourse/BuildingEscape/Content/MedievalDungeon/Textures/T_Tiling_Plaster_N.uasset" 220
"D:/GameDev/UnrealCourse/BuildingEscape/Content/MedievalDungeon/Materials/M_Tiling_Plaster_Inst.uasset" 221
"D:/GameDev/UnrealCourse/BuildingEscape/Content/MedievalDungeon/Meshes/Architecture/Crypt/SM_Crypt_Wall_Plaster.uasset" 222
"D:/GameDev/UnrealCourse/BuildingEscape/Content/MedievalDungeon/Meshes/Architecture/Crypt/SM_Crypt_Wall_Stop_Gap.uasset" 223
"D:/GameDev/UnrealCourse/BuildingEscape/Content/MedievalDungeon/Textures/T_Mausoleum_Part_A_A.uasset" 224
"D:/GameDev/UnrealCourse/BuildingEscape/Content/MedievalDungeon/Textures/T_Mausoleum_Part_A_C.uasset" 225
"D:/GameDev/UnrealCourse/BuildingEscape/Content/MedievalDungeon/Textures/T_Mausoleum_Part_A_N.uasset" 226
"D:/GameDev/UnrealCourse/BuildingEscape/Content/MedievalDungeon/Materials/M_Mausoleum_Part_A_Inst.uasset" 227
"D:/GameDev/UnrealCourse/BuildingEscape/Content/MedievalDungeon/Textures/T_Mausoleum_Part_B_A.uasset" 228
"D:/GameDev/UnrealCourse/BuildingEscape/Content/MedievalDungeon/Textures/T_Mausoleum_Part_B_C.uasset" 229
"D:/GameDev/UnrealCourse/BuildingEscape/Content/MedievalDungeon/Textures/T_Mausoleum_Part_B_N.uasset" 230
"D:/GameDev/UnrealCourse/BuildingEscape/Content/MedievalDungeon/Materials/M_Mausoleum_Part_B_Inst.uasset" 231
"D:/GameDev/UnrealCourse/BuildingEscape/Content/MedievalDungeon/Meshes/Architecture/Crypt/SM_Mausoleum.uasset" 232
"D:/GameDev/UnrealCourse/BuildingEscape/Content/MedievalDungeon/Textures/T_Mausoleum_Ceiling_A.uasset" 233
"D:/GameDev/UnrealCourse/BuildingEscape/Content/MedievalDungeon/Textures/T_Mausoleum_Ceiling_C.uasset" 234
"D:/GameDev/UnrealCourse/BuildingEscape/Content/MedievalDungeon/Textures/T_Mausoleum_Ceiling_N.uasset" 235
"D:/GameDev/UnrealCourse/BuildingEscape/Content/MedievalDungeon/Materials/M_Mausoleum_Ceiling_Inst.uasset" 236
"D:/GameDev/UnrealCourse/BuildingEscape/Content/MedievalDungeon/Meshes/Architecture/Crypt/SM_Mausoleum_Ceiling.uasset" 237
"D:/GameDev/UnrealCourse/BuildingEscape/Content/MedievalDungeon/Meshes/Architecture/Crypt/SM_Mausoleum_Lid_A.uasset" 238
"D:/GameDev/UnrealCourse/BuildingEscape/Content/MedievalDungeon/Meshes/Architecture/Crypt/SM_Mausoleum_Lid_B.uasset" 239
"D:/GameDev/UnrealCourse/BuildingEscape/Content/MedievalDungeon/Meshes/Architecture/Crypt/SM_Mausoleum_Lid_C.uasset" 240
"D:/GameDev/UnrealCourse/BuildingEscape/Content/MedievalDungeon/Meshes/Architecture/Dungeon/SM_Ceiling.uasset" 241
"D:/GameDev/UnrealCourse/BuildingEscape/Content/MedievalDungeon/Textures/T_Ceiling_Arch_Albedo.uasset" 242
"D:/GameDev/UnrealCourse/BuildingEscape/Content/MedievalDungeon/Textures/T_Ceiling_Arch_Compact.uasset" 243
"D:/GameDev/UnrealCourse/BuildingEscape/Content/MedievalDungeon/Textures/T_Ceiling_Arch_Normal.uasset" 244
"D:/GameDev/UnrealCourse/BuildingEscape/Content/MedievalDungeon/Materials/M_Ceiling_Arch_Inst.uasset" 245
"D:/GameDev/UnrealCourse/BuildingEscape/Content/MedievalDungeon/Meshes/Architecture/Dungeon/SM_Ceiling_Arch_A.uasset" 246
"D:/GameDev/UnrealCourse/BuildingEscape/Content/MedievalDungeon/Meshes/Architecture/Dungeon/SM_Ceiling_Arch_B.uasset" 247
"D:/GameDev/UnrealCourse/BuildingEscape/Content/MedievalDungeon/Meshes/Architecture/Dungeon/SM_Ceiling_Flat_Half.uasset" 248
"D:/GameDev/UnrealCourse/BuildingEscape/Content/MedievalDungeon/Meshes/Architecture/Dungeon/SM_Ceiling_Half.uasset" 249
"D:/GameDev/UnrealCourse/BuildingEscape/Content/MedievalDungeon/Meshes/Architecture/Dungeon/SM_Ceiling_Piece.uasset" 250
"D:/GameDev/UnrealCourse/BuildingEscape/Content/MedievalDungeon/Meshes/Architecture/Dungeon/SM_Ceiling_Piece_B.uasset" 251
"D:/GameDev/UnrealCourse/BuildingEscape/Content/MedievalDungeon/Meshes/Architecture/Dungeon/SM_Ceiling_Third.uasset" 252
"D:/GameDev/UnrealCourse/BuildingEscape/Content/MedievalDungeon/Meshes/Architecture/Dungeon/SM_Ceiling_Third_Reverse.uasset" 253
"D:/GameDev/UnrealCourse/BuildingEscape/Content/MedievalDungeon/Textures/T_Cell_Side_A.uasset" 254
"D:/GameDev/UnrealCourse/BuildingEscape/Content/MedievalDungeon/Textures/T_Cell_Side_C.uasset" 255
"D:/GameDev/UnrealCourse/BuildingEscape/Content/MedievalDungeon/Textures/T_Cell_Side_N.uasset" 256
"D:/GameDev/UnrealCourse/BuildingEscape/Content/MedievalDungeon/Materials/M_Cell_Side_Inst.uasset" 257
"D:/GameDev/UnrealCourse/BuildingEscape/Content/MedievalDungeon/Meshes/Architecture/Dungeon/SM_Cell_Side.uasset" 258
"D:/GameDev/UnrealCourse/BuildingEscape/Content/MedievalDungeon/Materials/M_Dungeon_Wall_Decorative_A_Inst.uasset" 259
"D:/GameDev/UnrealCourse/BuildingEscape/Content/MedievalDungeon/Meshes/Architecture/Dungeon/SM_Dungeon_Wall_Decorative_A.uasset" 260
"D:/GameDev/UnrealCourse/BuildingEscape/Content/MedievalDungeon/Meshes/Architecture/Dungeon/SM_Dungeon_Wall_Decorative_D.uasset" 261
"D:/GameDev/UnrealCourse/BuildingEscape/Content/MedievalDungeon/Textures/T_Fire_Pit_A.uasset" 262
"D:/GameDev/UnrealCourse/BuildingEscape/Content/MedievalDungeon/Textures/T_Fire_Pit_C.uasset" 263
"D:/GameDev/UnrealCourse/BuildingEscape/Content/MedievalDungeon/Textures/T_Fire_Pit_N.uasset" 264
"D:/GameDev/UnrealCourse/BuildingEscape/Content/MedievalDungeon/Materials/M_Fire_Pit_Inst.uasset" 265
"D:/GameDev/UnrealCourse/BuildingEscape/Content/MedievalDungeon/Textures/T_SplitLog_A.uasset" 266
"D:/GameDev/UnrealCourse/BuildingEscape/Content/MedievalDungeon/Textures/T_SplitLog_C.uasset" 267
"D:/GameDev/UnrealCourse/BuildingEscape/Content/MedievalDungeon/Textures/T_SplitLog_N.uasset" 268
"D:/GameDev/UnrealCourse/BuildingEscape/Content/MedievalDungeon/Materials/M_Log_Inst.uasset" 269
"D:/GameDev/UnrealCourse/BuildingEscape/Content/MedievalDungeon/Meshes/Architecture/Dungeon/SM_Fire_Pit.uasset" 270
"D:/GameDev/UnrealCourse/BuildingEscape/Content/MedievalDungeon/Meshes/Architecture/Dungeon/SM_Large_Window_Half.uasset" 271
"D:/GameDev/UnrealCourse/BuildingEscape/Content/MedievalDungeon/Meshes/Architecture/Dungeon/SM_Pillar.uasset" 272
"D:/GameDev/UnrealCourse/BuildingEscape/Content/MedievalDungeon/Textures/T_Small_Window_A.uasset" 273
"D:/GameDev/UnrealCourse/BuildingEscape/Content/MedievalDungeon/Textures/T_Small_Window_C.uasset" 274
"D:/GameDev/UnrealCourse/BuildingEscape/Content/MedievalDungeon/Textures/T_Small_Window_N.uasset" 275
"D:/GameDev/UnrealCourse/BuildingEscape/Content/MedievalDungeon/Materials/M_Small_Window_Inst.uasset" 276
"D:/GameDev/UnrealCourse/BuildingEscape/Content/MedievalDungeon/Meshes/Architecture/Dungeon/SM_Small_Window_Half.uasset" 277
"D:/GameDev/UnrealCourse/BuildingEscape/Content/MedievalDungeon/Textures/T_Stairs_10_Albedo.uasset" 278
"D:/GameDev/UnrealCourse/BuildingEscape/Content/MedievalDungeon/Textures/T_Stairs_10_Compact.uasset" 279
"D:/GameDev/UnrealCourse/BuildingEscape/Content/MedievalDungeon/Textures/T_Stairs_10_Normal.uasset" 280
"D:/GameDev/UnrealCourse/BuildingEscape/Content/MedievalDungeon/Materials/M_Stairs_10_Inst.uasset" 281
"D:/GameDev/UnrealCourse/BuildingEscape/Content/MedievalDungeon/Meshes/Architecture/Dungeon/SM_Stairs_5.uasset" 282
"D:/GameDev/UnrealCourse/BuildingEscape/Content/MedievalDungeon/Meshes/Architecture/Dungeon/SM_Wall_Floor_Trim.uasset" 283
"D:/GameDev/UnrealCourse/BuildingEscape/Content/MedievalDungeon/Meshes/Architecture/Dungeon/Wall_Short.uasset" 284
"D:/GameDev/UnrealCourse/BuildingEscape/Content/MedievalDungeon/Textures/T_Coffin_Albedo.uasset" 285
"D:/GameDev/UnrealCourse/BuildingEscape/Content/MedievalDungeon/Textures/T_Coffin_Compact.uasset" 286
"D:/GameDev/UnrealCourse/BuildingEscape/Content/MedievalDungeon/Textures/T_Coffin_Normal.uasset" 287
"D:/GameDev/UnrealCourse/BuildingEscape/Content/MedievalDungeon/Materials/M_Coffin_Inst.uasset" 288
"D:/GameDev/UnrealCourse/BuildingEscape/Content/MedievalDungeon/Meshes/Props/SM_Coffin.uasset" 289
"D:/GameDev/UnrealCourse/BuildingEscape/Content/MedievalDungeon/Meshes/Props/SM_Coffin_Lid.uasset" 290
"D:/GameDev/UnrealCourse/BuildingEscape/Content/MedievalDungeon/Textures/T_Chains_Texturing_A.uasset" 291
"D:/GameDev/UnrealCourse/BuildingEscape/Content/MedievalDungeon/Textures/T_Chains_Texturing_C.uasset" 292
"D:/GameDev/UnrealCourse/BuildingEscape/Content/MedievalDungeon/Textures/T_Chains_Texturing_N.uasset" 293
"D:/GameDev/UnrealCourse/BuildingEscape/Content/MedievalDungeon/Materials/M_Chains_Inst.uasset" 294
"D:/GameDev/UnrealCourse/BuildingEscape/Content/MedievalDungeon/Meshes/Props/SM_Decor_Chains_A.uasset" 295
"D:/GameDev/UnrealCourse/BuildingEscape/Content/MedievalDungeon/Textures/T_Dirt_Mound_Texturing_A.uasset" 296
"D:/GameDev/UnrealCourse/BuildingEscape/Content/MedievalDungeon/Textures/T_Dirt_Mound_Texturing_C.uasset" 297
"D:/GameDev/UnrealCourse/BuildingEscape/Content/MedievalDungeon/Textures/T_Dirt_Mound_Texturing_N.uasset" 298
"D:/GameDev/UnrealCourse/BuildingEscape/Content/MedievalDungeon/Materials/M_Dirt_Mounds_Inst.uasset" 299
"D:/GameDev/UnrealCourse/BuildingEscape/Content/MedievalDungeon/Meshes/Props/SM_Dirt_Mound_A.uasset" 300
"D:/GameDev/UnrealCourse/BuildingEscape/Content/MedievalDungeon/Meshes/Props/SM_Dirt_Mound_B.uasset" 301
"D:/GameDev/UnrealCourse/BuildingEscape/Content/MedievalDungeon/Meshes/Props/SM_Dirt_Mound_C.uasset" 302
"D:/GameDev/UnrealCourse/BuildingEscape/Content/MedievalDungeon/Meshes/Props/SM_Dirt_Mound_D.uasset" 303
"D:/GameDev/UnrealCourse/BuildingEscape/Content/MedievalDungeon/Textures/T_Gargoyle_A.uasset" 304
"D:/GameDev/UnrealCourse/BuildingEscape/Content/MedievalDungeon/Textures/T_Gargoyle_C.uasset" 305
"D:/GameDev/UnrealCourse/BuildingEscape/Content/MedievalDungeon/Textures/T_Gargoyle_N.uasset" 306
"D:/GameDev/UnrealCourse/BuildingEscape/Content/MedievalDungeon/Materials/M_Gargoyle_Inst.uasset" 307
"D:/GameDev/UnrealCourse/BuildingEscape/Content/MedievalDungeon/Textures/T_Gargoyle_Stand_A.uasset" 308
"D:/GameDev/UnrealCourse/BuildingEscape/Content/MedievalDungeon/Textures/T_Gargoyle_Stand_C.uasset" 309
"D:/GameDev/UnrealCourse/BuildingEscape/Content/MedievalDungeon/Textures/T_Gargoyle_Stand_N.uasset" 310
"D:/GameDev/UnrealCourse/BuildingEscape/Content/MedievalDungeon/Materials/M_Gargoyle_Stand_Inst.uasset" 311
"D:/GameDev/UnrealCourse/BuildingEscape/Content/MedievalDungeon/Meshes/Props/SM_Gargoyle_Statue_On_Stand.uasset" 312
"D:/GameDev/UnrealCourse/BuildingEscape/Content/MedievalDungeon/Meshes/Props/SM_Lock_Open.uasset" 313
"D:/GameDev/UnrealCourse/BuildingEscape/Content/MedievalDungeon/Textures/T_Pots_Texturing_A.uasset" 314
"D:/GameDev/UnrealCourse/BuildingEscape/Content/MedievalDungeon/Textures/T_Pots_Texturing_C.uasset" 315
"D:/GameDev/UnrealCourse/BuildingEscape/Content/MedievalDungeon/Textures/T_Pots_Texturing_N.uasset" 316
"D:/GameDev/UnrealCourse/BuildingEscape/Content/MedievalDungeon/Materials/M_Pots_Inst.uasset" 317
"D:/GameDev/UnrealCourse/BuildingEscape/Content/MedievalDungeon/Meshes/Props/SM_Pot_A_Complete.uasset" 318
"D:/GameDev/UnrealCourse/BuildingEscape/Content/MedievalDungeon/Meshes/Props/SM_Pot_A_Lid.uasset" 319
"D:/GameDev/UnrealCourse/BuildingEscape/Content/MedievalDungeon/Meshes/Props/SM_Pot_B_Body.uasset" 320
"D:/GameDev/UnrealCourse/BuildingEscape/Content/MedievalDungeon/Meshes/Props/SM_Pot_B_Complete.uasset" 321
"D:/GameDev/UnrealCourse/BuildingEscape/Content/MedievalDungeon/Meshes/Props/SM_Pot_B_Lid.uasset" 322
"D:/GameDev/UnrealCourse/BuildingEscape/Content/MedievalDungeon/Meshes/Props/SM_Pot_C_Lid.uasset" 323
"D:/GameDev/UnrealCourse/BuildingEscape/Content/MedievalDungeon/Textures/T_Statue_Hooded_Metal_A.uasset" 324
"D:/GameDev/UnrealCourse/BuildingEscape/Content/MedievalDungeon/Textures/T_Statue_Hooded_Metal_C.uasset" 325
"D:/GameDev/UnrealCourse/BuildingEscape/Content/MedievalDungeon/Textures/T_Statue_Hooded_Metal_N.uasset" 326
"D:/GameDev/UnrealCourse/BuildingEscape/Content/MedievalDungeon/Materials/M_Statue_Hooded_Metal_Inst.uasset" 327
"D:/GameDev/UnrealCourse/BuildingEscape/Content/MedievalDungeon/Meshes/Props/SM_Statue_Hooded_Metal.uasset" 328
"D:/GameDev/UnrealCourse/BuildingEscape/Content/MedievalDungeon/Textures/T_Statue_Stand_A.uasset" 329
"D:/GameDev/UnrealCourse/BuildingEscape/Content/MedievalDungeon/Textures/T_Statue_Stand_C.uasset" 330
"D:/GameDev/UnrealCourse/BuildingEscape/Content/MedievalDungeon/Textures/T_Statue_Stand_N.uasset" 331
"D:/GameDev/UnrealCourse/BuildingEscape/Content/MedievalDungeon/Materials/M_Statue_Stand_Inst.uasset" 332
"D:/GameDev/UnrealCourse/BuildingEscape/Content/MedievalDungeon/Meshes/Props/SM_Statue_Stand.uasset" 333
"D:/GameDev/UnrealCourse/BuildingEscape/Content/MedievalDungeon/Textures/T_Stone_Coffin_A.uasset" 334
"D:/GameDev/UnrealCourse/BuildingEscape/Content/MedievalDungeon/Textures/T_Stone_Coffin_C.uasset" 335
"D:/GameDev/UnrealCourse/BuildingEscape/Content/MedievalDungeon/Textures/T_Stone_Coffin_N.uasset" 336
"D:/GameDev/UnrealCourse/BuildingEscape/Content/MedievalDungeon/Materials/M_Stone_Coffin_Inst.uasset" 337
"D:/GameDev/UnrealCourse/BuildingEscape/Content/MedievalDungeon/Meshes/Props/SM_Stone_Coffin.uasset" 338
"D:/GameDev/UnrealCourse/BuildingEscape/Content/MedievalDungeon/Meshes/Props/SM_Stone_Coffin_Body.uasset" 339
"D:/GameDev/UnrealCourse/BuildingEscape/Content/MedievalDungeon/Meshes/Props/SM_Stone_Coffin_Lid.uasset" 340
"D:/GameDev/UnrealCourse/BuildingEscape/Content/MedievalDungeon/Textures/T_Wood_A.uasset" 341
"D:/GameDev/UnrealCourse/BuildingEscape/Content/MedievalDungeon/Textures/T_Wood_C.uasset" 342
"D:/GameDev/UnrealCourse/BuildingEscape/Content/MedievalDungeon/Textures/T_Wood_N.uasset" 343
"D:/GameDev/UnrealCourse/BuildingEscape/Content/MedievalDungeon/Materials/M_Wood_Inst.uasset" 344
"D:/GameDev/UnrealCourse/BuildingEscape/Content/MedievalDungeon/Meshes/Props/SM_Wood_A.uasset" 345
"D:/GameDev/UnrealCourse/BuildingEscape/Content/MedievalDungeon/Meshes/Props/SM_Wood_B.uasset" 346
"D:/GameDev/UnrealCourse/BuildingEscape/Content/MedievalDungeon/Meshes/Props/SM_Wood_C.uasset" 347
"D:/GameDev/UnrealCourse/BuildingEscape/Content/MedievalDungeon/Meshes/Props/SM_Wood_D.uasset" 348
"D:/GameDev/UnrealCourse/BuildingEscape/Content/MedievalDungeon/Meshes/Props/SM_Wood_E.uasset" 349
"D:/GameDev/UnrealCourse/BuildingEscape/Content/MedievalDungeon/Meshes/Props/SM_Wood_F.uasset" 350
"D:/GameDev/UnrealCourse/BuildingEscape/Content/MedievalDungeon/Meshes/Props/SM_Wood_G.uasset" 351
"D:/GameDev/UnrealCourse/BuildingEscape/Content/MedievalDungeon/Textures/T_Skeleton_Clean_A.uasset" 352
"D:/GameDev/UnrealCourse/BuildingEscape/Content/MedievalDungeon/Textures/T_Skeleton_Clean_C.uasset" 353
"D:/GameDev/UnrealCourse/BuildingEscape/Content/MedievalDungeon/Textures/T_Skeleton_Clean_N.uasset" 354
"D:/GameDev/UnrealCourse/BuildingEscape/Content/MedievalDungeon/Textures/T_Skeleton_Dirty_A.uasset" 355
"D:/GameDev/UnrealCourse/BuildingEscape/Content/MedievalDungeon/Textures/T_Skeleton_Dirty_C.uasset" 356
"D:/GameDev/UnrealCourse/BuildingEscape/Content/MedievalDungeon/Textures/T_Skeleton_Dirty_N.uasset" 357
"D:/GameDev/UnrealCourse/BuildingEscape/Content/MedievalDungeon/Materials/M_Skeleton_Dirty.uasset" 358
"D:/GameDev/UnrealCourse/BuildingEscape/Content/MedievalDungeon/Meshes/Skeletons/SM_Bones_Arm.uasset" 359
"D:/GameDev/UnrealCourse/BuildingEscape/Content/MedievalDungeon/Meshes/Skeletons/SM_Bones_ClavicalLeft.uasset" 360
"D:/GameDev/UnrealCourse/BuildingEscape/Content/MedievalDungeon/Meshes/Skeletons/SM_Bones_ClavicalRight.uasset" 361
"D:/GameDev/UnrealCourse/BuildingEscape/Content/MedievalDungeon/Meshes/Skeletons/SM_Bones_FemurLeft.uasset" 362
"D:/GameDev/UnrealCourse/BuildingEscape/Content/MedievalDungeon/Meshes/Skeletons/SM_Bones_FemurRight.uasset" 363
"D:/GameDev/UnrealCourse/BuildingEscape/Content/MedievalDungeon/Meshes/Skeletons/SM_Bones_FibulaLeft.uasset" 364
"D:/GameDev/UnrealCourse/BuildingEscape/Content/MedievalDungeon/Meshes/Skeletons/SM_Bones_FibulaRight.uasset" 365
"D:/GameDev/UnrealCourse/BuildingEscape/Content/MedievalDungeon/Meshes/Skeletons/SM_Bones_FootLeft.uasset" 366
"D:/GameDev/UnrealCourse/BuildingEscape/Content/MedievalDungeon/Meshes/Skeletons/SM_Bones_FootRight.uasset" 367
"D:/GameDev/UnrealCourse/BuildingEscape/Content/MedievalDungeon/Meshes/Skeletons/SM_Bones_HandLeft.uasset" 368
"D:/GameDev/UnrealCourse/BuildingEscape/Content/MedievalDungeon/Meshes/Skeletons/SM_Bones_HandRight.uasset" 369
"D:/GameDev/UnrealCourse/BuildingEscape/Content/MedievalDungeon/Meshes/Skeletons/SM_Bones_Hips.uasset" 370
"D:/GameDev/UnrealCourse/BuildingEscape/Content/MedievalDungeon/Meshes/Skeletons/SM_Bones_HumerusLeft.uasset" 371
"D:/GameDev/UnrealCourse/BuildingEscape/Content/MedievalDungeon/Meshes/Skeletons/SM_Bones_HumerusRight.uasset" 372
"D:/GameDev/UnrealCourse/BuildingEscape/Content/MedievalDungeon/Meshes/Skeletons/SM_Bones_Jaw.uasset" 373
"D:/GameDev/UnrealCourse/BuildingEscape/Content/MedievalDungeon/Meshes/Skeletons/SM_Bones_Leg.uasset" 374
"D:/GameDev/UnrealCourse/BuildingEscape/Content/MedievalDungeon/Meshes/Skeletons/SM_Bones_Neck.uasset" 375
"D:/GameDev/UnrealCourse/BuildingEscape/Content/MedievalDungeon/Meshes/Skeletons/SM_Bones_PatellaLeft.uasset" 376
"D:/GameDev/UnrealCourse/BuildingEscape/Content/MedievalDungeon/Meshes/Skeletons/SM_Bones_PatellaRight.uasset" 377
"D:/GameDev/UnrealCourse/BuildingEscape/Content/MedievalDungeon/Meshes/Skeletons/SM_Bones_RadiusLeft.uasset" 378
"D:/GameDev/UnrealCourse/BuildingEscape/Content/MedievalDungeon/Meshes/Skeletons/SM_Bones_RadiusRight.uasset" 379
"D:/GameDev/UnrealCourse/BuildingEscape/Content/MedievalDungeon/Meshes/Skeletons/SM_Bones_ScapulaRight.uasset" 380
"D:/GameDev/UnrealCourse/BuildingEscape/Content/MedievalDungeon/Meshes/Skeletons/SM_Bones_TibiaLeft.uasset" 381
"D:/GameDev/UnrealCourse/BuildingEscape/Content/MedievalDungeon/Meshes/Skeletons/SM_Bones_TibiaRight.uasset" 382
"D:/GameDev/UnrealCourse/BuildingEscape/Content/MedievalDungeon/Meshes/Skeletons/SM_Bones_UlnaLeft.uasset" 383
"D:/GameDev/UnrealCourse/BuildingEscape/Content/MedievalDungeon/Meshes/Skeletons/SM_Bones_UlnaRight.uasset" 384
"D:/GameDev/UnrealCourse/BuildingEscape/Content/MedievalDungeon/Meshes/Skeletons/SM_Skeleton_01.uasset" 385
"D:/GameDev/UnrealCourse/BuildingEscape/Content/MedievalDungeon/Meshes/Skeletons/SM_Skeleton_02.uasset" 386
"D:/GameDev/UnrealCourse/BuildingEscape/Content/MedievalDungeon/Meshes/Skeletons/SM_Skeleton_03.uasset" 387
"D:/GameDev/UnrealCourse/BuildingEscape/Content/MedievalDungeon/Meshes/Skeletons/SM_Skeleton_04.uasset" 388
"D:/GameDev/UnrealCourse/BuildingEscape/Content/MedievalDungeon/Meshes/Skeletons/SM_Skeleton_05.uasset" 389
"D:/GameDev/UnrealCourse/BuildingEscape/Content/MedievalDungeon/Meshes/Skeletons/SM_Skeleton_07.uasset" 390
"D:/GameDev/UnrealCourse/BuildingEscape/Content/MedievalDungeon/Particles/P_Pit_Fire.uasset" 391
"D:/GameDev/UnrealCourse/BuildingEscape/Content/MedievalDungeon/Textures/T_Medieval_Dungeon_LUT.uasset" 392
"D:/GameDev/UnrealCourse/BuildingEscape/Content/MedievalDungeon/Textures/T_Steps_A.uasset" 393
"D:/GameDev/UnrealCourse/BuildingEscape/Content/MedievalDungeon/Textures/T_Steps_C.uasset" 394
"D:/GameDev/UnrealCourse/BuildingEscape/Content/MedievalDungeon/Textures/T_Steps_N.uasset" 395
"D:/GameDev/UnrealCourse/BuildingEscape/Content/MyBlueprints/DefaultPawn_BP.uasset" 396
"D:/GameDev/UnrealCourse/BuildingEscape/Content/MyBlueprints/MyBuildingEscapeGameModeBase_BP.uasset" 397
"../../../Engine/Content/Animation/DefaultAnimCurveCompressionSettings.uasset" 398
"../../../Engine/Content/Functions/Engine_MaterialFunctions01/Opacity/CameraDepthFade.uasset" 399
"../../../Engine/Content/EngineMaterials/T_Default_Material_Grid_M.uasset" 400
"../../../Engine/Content/EngineMaterials/T_Default_Material_Grid_N.uasset" 401
"../../../Engine/Content/EngineMaterials/WorldGridMaterial.uasset" 402
"../../../Engine/Content/ArtTools/RenderToTexture/Meshes/S_1_Unit_Plane.uasset" 403
"../../../Engine/Content/EngineMaterials/DefaultMaterial.uasset" 404
"../../../Engine/Content/BasicShapes/Cone.uasset" 405
"../../../Engine/Content/BasicShapes/Cube.uasset" 406
"../../../Engine/Content/BasicShapes/Cylinder.uasset" 407
"../../../Engine/Content/BasicShapes/Plane.uasset" 408
"../../../Engine/Content/BasicShapes/Sphere.uasset" 409
"../../../Engine/Content/EditorLandscapeResources/DataLayer.uasset" 410
"../../../Engine/Content/EditorMaterials/GizmoMaterial.uasset" 411
"../../../Engine/Content/EditorMaterials/MAT_Groups_Toggle.uasset" 412
"../../../Engine/Content/EditorMaterials/MAT_Groups_Visibility.uasset" 413
"../../../Engine/Content/EditorMaterials/PreviewShadowIndicator.uasset" 414
"../../../Engine/Content/EditorMaterials/PreviewShadowIndicatorMaterial.uasset" 415
"../../../Engine/Content/EditorMaterials/MatineeGroups/MAT_ColorTrack.uasset" 416
"../../../Engine/Content/EditorMaterials/MatineeGroups/MAT_Groups_Anim.uasset" 417
"../../../Engine/Content/EditorMaterials/MatineeGroups/MAT_Groups_AudioMaster.uasset" 418
"../../../Engine/Content/EditorMaterials/MatineeGroups/MAT_Groups_Director.uasset" 419
"../../../Engine/Content/EditorMaterials/MatineeGroups/MAT_Groups_Event.uasset" 420
"../../../Engine/Content/EditorMaterials/MatineeGroups/MAT_Groups_Fade.uasset" 421
"../../../Engine/Content/EditorMaterials/MatineeGroups/MAT_Groups_Float.uasset" 422
"../../../Engine/Content/EditorMaterials/MatineeGroups/MAT_Groups_Move.uasset" 423
"../../../Engine/Content/EditorMaterials/MatineeGroups/MAT_Groups_Slomo.uasset" 424
"../../../Engine/Content/EditorMaterials/MatineeGroups/MAT_Groups_Sound.uasset" 425
"../../../Engine/Content/EditorMaterials/MatineeGroups/MAT_Groups_Vector.uasset" 426
"../../../Engine/Content/EditorMaterials/ParticleSystems/PSysThumbnail_NoImage.uasset" 427
"../../../Engine/Content/EditorMaterials/ParticleSystems/PSysThumbnail_OOD.uasset" 428
"../../../Engine/Content/EditorMaterials/Camera/CineMat.uasset" 429
"../../../Engine/Content/EditorMaterials/Camera/MI_CineMat_Rig.uasset" 430
"../../../Engine/Content/EditorMeshes/Camera/SM_CraneRig_Arm.uasset" 431
"../../../Engine/Content/EditorMeshes/Camera/SM_CraneRig_Base.uasset" 432
"../../../Engine/Content/EditorMeshes/Camera/SM_CraneRig_Body.uasset" 433
"../../../Engine/Content/EditorMeshes/Camera/SM_CraneRig_Mount.uasset" 434
"../../../Engine/Content/EditorMeshes/Camera/SM_RailRig_Mount.uasset" 435
"../../../Engine/Content/EditorMeshes/Camera/SM_RailRig_Track.uasset" 436
"../../../Engine/Content/EditorResources/BSPVertex.uasset" 437
"../../../Engine/Content/EditorResources/EmptyActor.uasset" 438
"../../../Engine/Content/EditorResources/S_Actor.uasset" 439
"../../../Engine/Content/EditorResources/S_Note.uasset" 440
"../../../Engine/Content/EditorResources/S_Trigger.uasset" 441
"../../../Engine/Content/EditorResources/AudioIcons/S_AudioComponent.uasset" 442
"../../../Engine/Content/EditorResources/AudioIcons/S_AudioComponent_AutoActivate.uasset" 443
"../../../Engine/Content/EditorResources/SequenceRecorder/Countdown.uasset" 444
"../../../Engine/Content/EditorResources/SequenceRecorder/RecordingIndicator.uasset" 445
"../../../Engine/Content/EditorSounds/Notifications/CompileFailed.uasset" 446
"../../../Engine/Content/EditorSounds/Notifications/CompileFailed_Cue.uasset" 447
"../../../Engine/Content/EditorSounds/Notifications/CompileSuccess.uasset" 448
"../../../Engine/Content/EditorSounds/Notifications/CompileStart_Cue.uasset" 449
"../../../Engine/Content/EditorSounds/Notifications/CompileSuccess_Cue.uasset" 450
"../../../Engine/Content/EngineDamageTypes/DmgTypeBP_Environmental.uasset" 451
"../../../Engine/Content/EngineDebugMaterials/HeatmapGradient.uasset" 452
"../../../Engine/Content/EngineDebugMaterials/BoneWeightMaterial.uasset" 453
"../../../Engine/Content/EngineDebugMaterials/ClothMaterial.uasset" 454
"../../../Engine/Content/EngineDebugMaterials/ClothMaterial_WF.uasset" 455
"../../../Engine/Content/EngineDebugMaterials/DebugEditorMaterial.uasset" 456
"../../../Engine/Content/EngineDebugMaterials/DebugMeshMaterial.uasset" 457
"../../../Engine/Content/EngineDebugMaterials/GeomMaterial.uasset" 458
"../../../Engine/Content/EngineDebugMaterials/M_SimpleTranslucent.uasset" 459
"../../../Engine/Content/EngineFonts/Faces/RobotoBold.uasset" 460
"../../../Engine/Content/EngineFonts/Faces/RobotoBoldItalic.uasset" 461
"../../../Engine/Content/EngineFonts/Faces/RobotoItalic.uasset" 462
"../../../Engine/Content/EngineFonts/Faces/RobotoLight.uasset" 463
"../../../Engine/Content/EngineFonts/Faces/RobotoRegular.uasset" 464
"../../../Engine/Content/EngineFonts/Roboto.uasset" 465
"../../../Engine/Content/EngineFonts/Faces/RobotoTiny.uasset" 466
"../../../Engine/Content/EngineFonts/RobotoTiny.uasset" 467
"../../../Engine/Content/EngineMaterials/BaseFlattenDiffuseMap.uasset" 468
"../../../Engine/Content/EngineMaterials/BaseFlattenEmissiveMap.uasset" 469
"../../../Engine/Content/EngineMaterials/BaseFlattenGrayscaleMap.uasset" 470
"../../../Engine/Content/EngineMaterials/BaseFlattenNormalMap.uasset" 471
"../../../Engine/Content/EngineMaterials/BaseFlattenMaterial.uasset" 472
"../../../Engine/Content/EngineMaterials/DefaultBloomKernel.uasset" 473
"../../../Engine/Content/EngineMaterials/DefaultBokeh.uasset" 474
"../../../Engine/Content/EngineMaterials/DefaultDiffuse.uasset" 475
"../../../Engine/Content/EngineMaterials/DefaultDeferredDecalMaterial.uasset" 476
"../../../Engine/Content/EngineMaterials/DefaultLightFunctionMaterial.uasset" 477
"../../../Engine/Content/EngineMaterials/DefaultPhysicalMaterial.uasset" 478
"../../../Engine/Content/Functions/Engine_MaterialFunctions02/Utility/BreakOutFloat2Components.uasset" 479
"../../../Engine/Content/EngineMaterials/DefaultPostProcessMaterial.uasset" 480
"../../../Engine/Content/EngineFonts/RobotoDistanceField.uasset" 481
"../../../Engine/Content/EngineMaterials/DefaultTextMaterialOpaque.uasset" 482
"../../../Engine/Content/EngineMaterials/DefaultWhiteGrid.uasset" 483
"../../../Engine/Content/EngineMaterials/EditorBrushMaterial.uasset" 484
"../../../Engine/Content/EngineMaterials/MiniFont.uasset" 485
"../../../Engine/Content/EngineMaterials/InvalidLightmapSettings.uasset" 486
"../../../Engine/Content/EngineMaterials/M_InvalidLightmapSettings.uasset" 487
"../../../Engine/Content/Functions/Engine_MaterialFunctions02/WorldPositionOffset/CameraOffset.uasset" 488
"../../../Engine/Content/EngineMaterials/PhAT_JointLimitMaterial.uasset" 489
"../../../Engine/Content/EngineMaterials/PreintegratedSkinBRDF.uasset" 490
"../../../Engine/Content/EngineMaterials/RemoveSurfaceMaterial.uasset" 491
"../../../Engine/Content/EngineMaterials/WeightMapPlaceholderTexture.uasset" 492
"../../../Engine/Content/EngineResources/WhiteSquareTexture.uasset" 493
"../../../Engine/Content/EngineMaterials/Widget3DPassThrough.uasset" 494
"../../../Engine/Content/EngineMaterials/Widget3DPassThrough_Masked.uasset" 495
"../../../Engine/Content/EngineMaterials/Widget3DPassThrough_Opaque.uasset" 496
"../../../Engine/Content/EngineMaterials/Widget3DPassThrough_Masked_OneSided.uasset" 497
"../../../Engine/Content/EngineMaterials/Widget3DPassThrough_Opaque_OneSided.uasset" 498
"../../../Engine/Content/EngineMaterials/Widget3DPassThrough_Translucent.uasset" 499
"../../../Engine/Content/EngineMaterials/Widget3DPassThrough_Translucent_OneSided.uasset" 500
"../../../Engine/Content/EngineMeshes/Cylinder.uasset" 501
"../../../Engine/Content/EngineMeshes/Sphere.uasset" 502
"../../../Engine/Content/EngineResources/Black.uasset" 503
"../../../Engine/Content/EngineResources/DefaultTexture.uasset" 504
"../../../Engine/Content/EngineResources/DefaultTextureCube.uasset" 505
"../../../Engine/Content/EngineResources/DefaultVolumeTexture2D.uasset" 506
"../../../Engine/Content/EngineResources/DefaultVolumeTexture.uasset" 507
"../../../Engine/Content/EngineResources/GradientTexture0.uasset" 508
"../../../Engine/Content/EngineSounds/Master.uasset" 509
"../../../Engine/Content/Functions/Engine_MaterialFunctions01/Shading/ConvertFromDiffSpec.uasset" 510
"../../../Engine/Content/Functions/Engine_MaterialFunctions01/Shading/PowerToRoughness.uasset" 511
"../../../Engine/Content/Maps/Templates/Thumbnails/Default.uasset" 512
"../../../Engine/Content/Maps/Templates/Thumbnails/VR-Basic.uasset" 513
"../../../Engine/Content/MobileResources/T_MobileControls_texture.uasset" 514
"../../../Engine/Content/MobileResources/T_MobileMenu2.uasset" 515
"../../../Engine/Content/MobileResources/HUD/AnalogHat.uasset" 516
"../../../Engine/Content/MobileResources/HUD/VirtualJoystick_Background.uasset" 517
"../../../Engine/Content/MobileResources/HUD/VirtualJoystick_Thumb.uasset" 518
"../../../Engine/Content/MobileResources/HUD/DefaultVirtualJoysticks.uasset" 519
"../../../Engine/Content/MobileResources/HUD/LeftVirtualJoystickOnly.uasset" 520
"../../../Engine/Content/MobileResources/HUD/MobileHUDButton1_off.uasset" 521
"../../../Engine/Content/MobileResources/HUD/MobileHUDButton1_on.uasset" 522
"../../../Engine/Content/MobileResources/HUD/MobileHUDButton2_off.uasset" 523
"../../../Engine/Content/MobileResources/HUD/MobileHUDButton2_on.uasset" 524
"../../../Engine/Content/MobileResources/HUD/MobileHUDButton3.uasset" 525
"../../../Engine/Content/MobileResources/HUD/MobileHUDButtonFire.uasset" 526
"../../../Engine/Content/MobileResources/HUD/MobileHUDDirectionPad.uasset" 527
"../../../Engine/Content/MobileResources/HUD/MobileHUDDirectionPad2.uasset" 528
"../../../Engine/Content/MobileResources/HUD/MobileHUDDirectionPad3.uasset" 529
"../../../Engine/Content/MobileResources/HUD/MobileHUDDirectionStick.uasset" 530
"../../../Engine/Content/MobileResources/HUD/T_Castle_ThumbstickInner.uasset" 531
"../../../Engine/Content/MobileResources/HUD/T_Castle_ThumbstickOutter.uasset" 532
"../../../Engine/Content/Tutorial/ContentIntroCurve.uasset" 533
"../../../Engine/Content/Tutorial/Basics/LevelEditorAttract.uasset" 534
"../../../Engine/Content/VREditor/LaserPointer/VR_LaserPower_01.uasset" 535
"../../../Engine/Content/VREditor/TransformGizmo/TransformGizmoMaterial.uasset" 536
"../../../Engine/Content/VREditor/TransformGizmo/TranslucentTransformGizmoMaterial.uasset" 537
"../../../Engine/Content/VREditor/TransformGizmo/BoundingBoxCorner.uasset" 538
"../../../Engine/Content/VREditor/TransformGizmo/BoundingBoxEdge.uasset" 539
"../../../Engine/Content/VREditor/TransformGizmo/PlaneTranslationHandle.uasset" 540
"../../../Engine/Content/VREditor/TransformGizmo/Main.uasset" 541
"../../../Engine/Content/VREditor/TransformGizmo/Xray.uasset" 542
"../../../Engine/Content/VREditor/TransformGizmo/SM_Sequencer_Key.uasset" 543
"../../../Engine/Content/VREditor/TransformGizmo/SM_Sequencer_Node.uasset" 544
"../../Plugins/2D/Paper2D/Content/PlaceholderTextures/DummySpriteTexture.uasset" 545
"../../Plugins/2D/Paper2D/Content/DummySprite.uasset" 546
"../../Plugins/2D/Paper2D/Content/DefaultPaperTerrainMaterial.uasset" 547
"../../Plugins/2D/Paper2D/Content/DummySpriteTexture.uasset" 548
"../../Plugins/2D/Paper2D/Content/DefaultSpriteMaterial.uasset" 549
"../../Plugins/2D/Paper2D/Content/MaskedUnlitSpriteMaterial.uasset" 550
"../../Plugins/2D/Paper2D/Content/OpaqueUnlitSpriteMaterial.uasset" 551
"../../Plugins/Runtime/Oculus/OculusVR/Content/OculusMR_RenderTarget.uasset" 552
"../../../Engine/Content/Functions/Engine_MaterialFunctions02/Utility/BreakOutFloat4Components.uasset" 553
"../../../Engine/Content/Functions/Engine_MaterialFunctions02/Utility/MakeFloat2.uasset" 554
"../../../Engine/Content/Functions/Engine_MaterialFunctions02/Utility/MakeFloat3.uasset" 555
"../../Plugins/Runtime/Oculus/OculusVR/Content/Materials/OculusMR_ChromaKey.uasset" 556
"../../Plugins/Runtime/Oculus/OculusVR/Content/Materials/OculusMR_ChromaKey_Lit.uasset" 557
"../../Plugins/Runtime/Oculus/OculusVR/Content/Materials/OculusMR_OpaqueColoredMaterial.uasset" 558
"../../Plugins/Runtime/Oculus/OculusVR/Content/Materials/OculusMR_WhiteMaterial.uasset" 559
"../../Plugins/Runtime/Oculus/OculusVR/Content/Materials/PokeAHoleMaterial.uasset" 560
"../../Plugins/Runtime/Oculus/OculusVR/Content/Textures/GearVRController_AO.uasset" 561
"../../Plugins/Runtime/Oculus/OculusVR/Content/Textures/GearVRController_Color.uasset" 562
"../../Plugins/Runtime/Oculus/OculusVR/Content/Textures/GearVRController_Normal.uasset" 563
"../../Plugins/Runtime/Oculus/OculusVR/Content/Materials/GearVRControllerMaterial.uasset" 564
"../../Plugins/Runtime/Oculus/OculusVR/Content/Meshes/GearVrController.uasset" 565
"../../Plugins/Runtime/Oculus/OculusVR/Content/Textures/touchController_albedo.uasset" 566
"../../Plugins/Runtime/Oculus/OculusVR/Content/Textures/touchController_controlmap.uasset" 567
"../../Plugins/Runtime/Oculus/OculusVR/Content/Materials/touchController_mat.uasset" 568
"../../Plugins/Runtime/Oculus/OculusVR/Content/Meshes/LeftTouchController.uasset" 569
"../../Plugins/Runtime/Oculus/OculusVR/Content/Meshes/RiftHMD.uasset" 570
"../../Plugins/Runtime/Oculus/OculusVR/Content/Meshes/RightTouchController.uasset" 571
"D:/GameDev/UnrealCourse/BuildingEscape/Content/BuildingEscapeFinal_BuiltData.uasset" 572
"D:/GameDev/UnrealCourse/BuildingEscape/Content/MedievalDungeon/Meshes/Architecture/Crypt/SM_Crypt_Ceiling_Arch_A.uasset" 573
"D:/GameDev/UnrealCourse/BuildingEscape/Content/MedievalDungeon/Meshes/Architecture/Dungeon/SM_Ceiling_Flat.uasset" 574
"D:/GameDev/UnrealCourse/BuildingEscape/Content/MedievalDungeon/Textures/T_Decorative_Arches_A.uasset" 575
"D:/GameDev/UnrealCourse/BuildingEscape/Content/MedievalDungeon/Textures/T_Decorative_Arches_C.uasset" 576
"D:/GameDev/UnrealCourse/BuildingEscape/Content/MedievalDungeon/Textures/T_Decorative_Arches_N.uasset" 577
"D:/GameDev/UnrealCourse/BuildingEscape/Content/MedievalDungeon/Materials/M_Decorative_Arches_Inst.uasset" 578
"D:/GameDev/UnrealCourse/BuildingEscape/Content/MedievalDungeon/Meshes/Architecture/Dungeon/SM_Decorative_Arches.uasset" 579
"D:/GameDev/UnrealCourse/BuildingEscape/Content/MedievalDungeon/Meshes/Architecture/Dungeon/SM_Dungeon_Wall.uasset" 580
"D:/GameDev/UnrealCourse/BuildingEscape/Content/MedievalDungeon/Meshes/Architecture/Dungeon/SM_Dungeon_Wall_Half.uasset" 581
"D:/GameDev/UnrealCourse/BuildingEscape/Content/MedievalDungeon/Meshes/Architecture/Dungeon/SM_Edge_Stones.uasset" 582
"D:/GameDev/UnrealCourse/BuildingEscape/Content/MedievalDungeon/Meshes/Architecture/Dungeon/SM_Floor.uasset" 583
"D:/GameDev/UnrealCourse/BuildingEscape/Content/MedievalDungeon/Meshes/Architecture/Dungeon/SM_Half_Arch.uasset" 584
"D:/GameDev/UnrealCourse/BuildingEscape/Content/MedievalDungeon/Meshes/Architecture/Dungeon/SM_Stairs_10.uasset" 585
"D:/GameDev/UnrealCourse/BuildingEscape/Content/MedievalDungeon/Textures/T_Stone_Altar_A.uasset" 586
"D:/GameDev/UnrealCourse/BuildingEscape/Content/MedievalDungeon/Textures/T_Stone_Altar_C.uasset" 587
"D:/GameDev/UnrealCourse/BuildingEscape/Content/MedievalDungeon/Textures/T_Stone_Altar_N.uasset" 588
"D:/GameDev/UnrealCourse/BuildingEscape/Content/MedievalDungeon/Materials/M_Stone_Altar_Inst.uasset" 589
"D:/GameDev/UnrealCourse/BuildingEscape/Content/MedievalDungeon/Meshes/Props/SM_Alter.uasset" 590
"D:/GameDev/UnrealCourse/BuildingEscape/Content/MedievalDungeon/Meshes/Props/SM_Ball_And_Chain.uasset" 591
"D:/GameDev/UnrealCourse/BuildingEscape/Content/MedievalDungeon/Textures/T_Bed_A.uasset" 592
"D:/GameDev/UnrealCourse/BuildingEscape/Content/MedievalDungeon/Textures/T_Bed_C.uasset" 593
"D:/GameDev/UnrealCourse/BuildingEscape/Content/MedievalDungeon/Textures/T_Bed_N.uasset" 594
"D:/GameDev/UnrealCourse/BuildingEscape/Content/MedievalDungeon/Materials/M_Bed_Inst.uasset" 595
"D:/GameDev/UnrealCourse/BuildingEscape/Content/MedievalDungeon/Meshes/Props/SM_Bed.uasset" 596
"D:/GameDev/UnrealCourse/BuildingEscape/Content/MedievalDungeon/Meshes/Props/SM_Coffin_No_Lid.uasset" 597
"D:/GameDev/UnrealCourse/BuildingEscape/Content/MedievalDungeon/Meshes/Props/SM_Decor_Chains_B.uasset" 598
"D:/GameDev/UnrealCourse/BuildingEscape/Content/MedievalDungeon/Meshes/Props/SM_Decor_Ring.uasset" 599
"D:/GameDev/UnrealCourse/BuildingEscape/Content/MedievalDungeon/Meshes/Props/SM_Gargoyle_Statue.uasset" 600
"D:/GameDev/UnrealCourse/BuildingEscape/Content/MedievalDungeon/Meshes/Props/SM_Gargoyle_Statue_Stand.uasset" 601
"D:/GameDev/UnrealCourse/BuildingEscape/Content/MedievalDungeon/Meshes/Props/SM_Gibbet_Cage_Open.uasset" 602
"D:/GameDev/UnrealCourse/BuildingEscape/Content/MedievalDungeon/Meshes/Props/SM_Handcuff.uasset" 603
"D:/GameDev/UnrealCourse/BuildingEscape/Content/MedievalDungeon/Meshes/Props/SM_Lock_Closed.uasset" 604
"D:/GameDev/UnrealCourse/BuildingEscape/Content/MedievalDungeon/Meshes/Props/SM_Lock_Key.uasset" 605
"D:/GameDev/UnrealCourse/BuildingEscape/Content/MedievalDungeon/Meshes/Props/SM_Pot_A_Body.uasset" 606
"D:/GameDev/UnrealCourse/BuildingEscape/Content/MedievalDungeon/Meshes/Props/SM_Pot_C_Body.uasset" 607
"D:/GameDev/UnrealCourse/BuildingEscape/Content/MedievalDungeon/Meshes/Props/SM_Pot_C_Complete.uasset" 608
"D:/GameDev/UnrealCourse/BuildingEscape/Content/MedievalDungeon/Meshes/Props/SM_SplitLog.uasset" 609
"D:/GameDev/UnrealCourse/BuildingEscape/Content/MedievalDungeon/Textures/T_Statue_Hooded_A.uasset" 610
"D:/GameDev/UnrealCourse/BuildingEscape/Content/MedievalDungeon/Textures/T_Statue_Hooded_N.uasset" 611
"D:/GameDev/UnrealCourse/BuildingEscape/Content/MedievalDungeon/Textures/T_Statue_Hooded_R.uasset" 612
"D:/GameDev/UnrealCourse/BuildingEscape/Content/MedievalDungeon/Materials/M_Statue.uasset" 613
"D:/GameDev/UnrealCourse/BuildingEscape/Content/MedievalDungeon/Meshes/Props/SM_Statue_Hooded.uasset" 614
"D:/GameDev/UnrealCourse/BuildingEscape/Content/MedievalDungeon/Textures/T_Stocks_A.uasset" 615
"D:/GameDev/UnrealCourse/BuildingEscape/Content/MedievalDungeon/Textures/T_Stocks_C.uasset" 616
"D:/GameDev/UnrealCourse/BuildingEscape/Content/MedievalDungeon/Textures/T_Stocks_N.uasset" 617
"D:/GameDev/UnrealCourse/BuildingEscape/Content/MedievalDungeon/Materials/M_Stocks_Inst.uasset" 618
"D:/GameDev/UnrealCourse/BuildingEscape/Content/MedievalDungeon/Meshes/Props/SM_Stocks_Game_Ready.uasset" 619
"D:/GameDev/UnrealCourse/BuildingEscape/Content/MedievalDungeon/Textures/T_Table_A.uasset" 620
"D:/GameDev/UnrealCourse/BuildingEscape/Content/MedievalDungeon/Textures/T_Table_C.uasset" 621
"D:/GameDev/UnrealCourse/BuildingEscape/Content/MedievalDungeon/Textures/T_Table_N.uasset" 622
"D:/GameDev/UnrealCourse/BuildingEscape/Content/MedievalDungeon/Materials/M_Table_Inst.uasset" 623
"D:/GameDev/UnrealCourse/BuildingEscape/Content/MedievalDungeon/Meshes/Props/SM_Table.uasset" 624
"D:/GameDev/UnrealCourse/BuildingEscape/Content/MedievalDungeon/Textures/T_Torture_Chair_A.uasset" 625
"D:/GameDev/UnrealCourse/BuildingEscape/Content/MedievalDungeon/Textures/T_Torture_Chair_C.uasset" 626
"D:/GameDev/UnrealCourse/BuildingEscape/Content/MedievalDungeon/Textures/T_Torture_Chair_Normal.uasset" 627
"D:/GameDev/UnrealCourse/BuildingEscape/Content/MedievalDungeon/Materials/M_Torture_Chair_Inst.uasset" 628
"D:/GameDev/UnrealCourse/BuildingEscape/Content/MedievalDungeon/Meshes/Props/SM_Torture_Chair.uasset" 629
"D:/GameDev/UnrealCourse/BuildingEscape/Content/MedievalDungeon/Meshes/Skeletons/SM_Bones_RibCage.uasset" 630
"D:/GameDev/UnrealCourse/BuildingEscape/Content/MedievalDungeon/Meshes/Skeletons/SM_Bones_ScapulaLeft.uasset" 631
"D:/GameDev/UnrealCourse/BuildingEscape/Content/MedievalDungeon/Meshes/Skeletons/SM_Bones_Skull.uasset" 632
"D:/GameDev/UnrealCourse/BuildingEscape/Content/MedievalDungeon/Meshes/Skeletons/SM_Skeleton_06.uasset" 633
"D:/GameDev/UnrealCourse/BuildingEscape/Content/BuildingEscapeFinal.umap" 634
"../../../Engine/Content/Maps/Entry_BuiltData.uasset" 635
"../../../Engine/Content/Maps/Entry.umap" 636
